Using reporter config:[
  "spec",
  [
    null,
    {
      "outputDir": "recordings",
      "saveAllVideos": true,
      "videoSlowdownMultiplier": 3
    }
  ],
  [
    "allure",
    {
      "outputDir": "allure-results",
      "disableWebdriverScreenshotsReporting": false
    }
  ]
]

Using config:{
  "debugMode": false,
  "logLevel": "info",
  "videoRenderTimeout": 5,
  "outputDir": "recordings",
  "allureOutputDir": "/Users/admin/Documents/project/webdriverio/webdriverio-framework/allure-results",
  "rawPath": "rawSeleniumVideoGrabs",
  "usingAllure": true,
  "saveAllVideos": true,
  "videoSlowdownMultiplier": 3,
  "excludedActions": [],
  "jsonWireActions": [
    "url",
    "forward",
    "back",
    "refresh",
    "execute",
    "size",
    "position",
    "maximize",
    "click",
    "submit",
    "value",
    "keys",
    "clear",
    "selected",
    "enabled",
    "displayed",
    "orientation",
    "alert_text",
    "accept_alert",
    "dismiss_alert",
    "moveto",
    "buttondown",
    "buttonup",
    "doubleclick",
    "down",
    "up",
    "move",
    "scroll",
    "doubleclick",
    "longclick",
    "flick",
    "location"
  ]
}



Generated:[
  "/Users/admin/Documents/project/webdriverio/webdriverio-framework/recordings/Sign-up-details--Account-creation--FIREFOX--06-05-2020--16-01-58-637.mp4",
  "/Users/admin/Documents/project/webdriverio/webdriverio-framework/recordings/Sign-up-details--User-Personal-Information--FIREFOX--06-05-2020--16-02-05-601.mp4",
  "/Users/admin/Documents/project/webdriverio/webdriverio-framework/recordings/Sign-up-details--User-Address-Details--FIREFOX--06-05-2020--16-02-08-813.mp4",
  "/Users/admin/Documents/project/webdriverio/webdriverio-framework/recordings/Log-into-account--click-on-Sign-in-Link--FIREFOX--06-05-2020--16-02-34-058.mp4",
  "/Users/admin/Documents/project/webdriverio/webdriverio-framework/recordings/Log-into-account--enter-email-address--FIREFOX--06-05-2020--16-02-39-648.mp4",
  "/Users/admin/Documents/project/webdriverio/webdriverio-framework/recordings/Log-into-account--enter-password--FIREFOX--06-05-2020--16-02-40-579.mp4",
  "/Users/admin/Documents/project/webdriverio/webdriverio-framework/recordings/Log-into-account--click-on-Sign-in-button--FIREFOX--06-05-2020--16-02-41-621.mp4",
  "/Users/admin/Documents/project/webdriverio/webdriverio-framework/recordings/Log-into-account--user-should-sign-in-successfully--FIREFOX--06-05-2020--16-02-51-443.mp4",
  "/Users/admin/Documents/project/webdriverio/webdriverio-framework/recordings/Add-Products-to-cart--Browse---add-prodcut-to-cart--FIREFOX--06-05-2020--16-02-54-888.mp4",
  "/Users/admin/Documents/project/webdriverio/webdriverio-framework/recordings/Add-Products-to-cart--Browse-From-Left-Nav---add-prodcut-to-cart---FIREFOX--06-05-2020--16-03-28-576.mp4",
  "/Users/admin/Documents/project/webdriverio/webdriverio-framework/recordings/Checkout-Process--Summary---Address---Shipping---Payment-Checkout-Process---FIREFOX--06-05-2020--16-03-51-903.mp4"
]



Video reporter Done!
