Using reporter config:[
  "spec",
  [
    null,
    {
      "outputDir": "recordings",
      "saveAllVideos": true,
      "videoSlowdownMultiplier": 3
    }
  ],
  [
    "allure",
    {
      "outputDir": "allure-results",
      "disableWebdriverScreenshotsReporting": false
    }
  ]
]

Using config:{
  "debugMode": false,
  "logLevel": "info",
  "videoRenderTimeout": 5,
  "outputDir": "recordings",
  "allureOutputDir": "/Users/admin/Documents/project/webdriverio/webdriverio-framework/allure-results",
  "rawPath": "rawSeleniumVideoGrabs",
  "usingAllure": true,
  "saveAllVideos": true,
  "videoSlowdownMultiplier": 3,
  "excludedActions": [],
  "jsonWireActions": [
    "url",
    "forward",
    "back",
    "refresh",
    "execute",
    "size",
    "position",
    "maximize",
    "click",
    "submit",
    "value",
    "keys",
    "clear",
    "selected",
    "enabled",
    "displayed",
    "orientation",
    "alert_text",
    "accept_alert",
    "dismiss_alert",
    "moveto",
    "buttondown",
    "buttonup",
    "doubleclick",
    "down",
    "up",
    "move",
    "scroll",
    "doubleclick",
    "longclick",
    "flick",
    "location"
  ]
}



Generated:[
  "/Users/admin/Documents/project/webdriverio/webdriverio-framework/recordings/Sign-up-details--Account-creation--CHROME--06-05-2020--17-24-51-705.mp4",
  "/Users/admin/Documents/project/webdriverio/webdriverio-framework/recordings/Sign-up-details--User-Personal-Information--CHROME--06-05-2020--17-24-58-601.mp4",
  "/Users/admin/Documents/project/webdriverio/webdriverio-framework/recordings/Sign-up-details--User-Address-Details--CHROME--06-05-2020--17-25-01-937.mp4",
  "/Users/admin/Documents/project/webdriverio/webdriverio-framework/recordings/Log-into-account--click-on-Sign-in-Link--CHROME--06-05-2020--17-25-17-408.mp4",
  "/Users/admin/Documents/project/webdriverio/webdriverio-framework/recordings/Log-into-account--enter-email-address--CHROME--06-05-2020--17-25-20-320.mp4",
  "/Users/admin/Documents/project/webdriverio/webdriverio-framework/recordings/Log-into-account--enter-password--CHROME--06-05-2020--17-25-21-906.mp4",
  "/Users/admin/Documents/project/webdriverio/webdriverio-framework/recordings/Log-into-account--click-on-Sign-in-button--CHROME--06-05-2020--17-25-23-411.mp4",
  "/Users/admin/Documents/project/webdriverio/webdriverio-framework/recordings/Log-into-account--user-should-sign-in-successfully--CHROME--06-05-2020--17-25-30-004.mp4",
  "/Users/admin/Documents/project/webdriverio/webdriverio-framework/recordings/Add-Products-to-cart--Browse---add-prodcut-to-cart--CHROME--06-05-2020--17-25-35-459.mp4",
  "/Users/admin/Documents/project/webdriverio/webdriverio-framework/recordings/Add-Products-to-cart--Browse-From-Left-Nav---add-prodcut-to-cart---CHROME--06-05-2020--17-26-00-822.mp4",
  "/Users/admin/Documents/project/webdriverio/webdriverio-framework/recordings/Checkout-Process--Summary---Address---Shipping---Payment-Checkout-Process---CHROME--06-05-2020--17-26-24-925.mp4",
  "/Users/admin/Documents/project/webdriverio/webdriverio-framework/recordings/Visual-Validation--Save-Elements--CHROME--06-05-2020--17-26-42-205.mp4",
  "/Users/admin/Documents/project/webdriverio/webdriverio-framework/recordings/Visual-Validation--Compare-Elements--CHROME--06-05-2020--17-26-50-210.mp4"
]



Video reporter Done!
